<?xml version="1.0" encoding="UTF-8"?>
<!-- Generated by org.testng.reporters.JUnitXMLReporter -->
<testsuite hostname="Abhijeets-MacBook-Pro.local" ignored="0" name="Default test" tests="4" failures="0" timestamp="19 May 2020 07:28:33 GMT" time="0.177" errors="0">
  <testcase name="@BeforeMethod Initliaze" time="0.14" classname="com.SmokeSuite.HomePageTest">
    <failure type="java.lang.NullPointerException">
      <![CDATA[java.lang.NullPointerException
at com.Utility.CaptureScreen.captureScreenshot(CaptureScreen.java:22)
at com.Utility.Log.info(Log.java:24)
at com.SmokeSuite.HomePageTest.Initliaze(HomePageTest.java:38)
at sun.reflect.NativeMethodAccessorImpl.invoke0(Native Method)
at sun.reflect.NativeMethodAccessorImpl.invoke(NativeMethodAccessorImpl.java:62)
at sun.reflect.DelegatingMethodAccessorImpl.invoke(DelegatingMethodAccessorImpl.java:43)
at java.lang.reflect.Method.invoke(Method.java:498)
at org.testng.internal.MethodInvocationHelper.invokeMethod(MethodInvocationHelper.java:124)
at org.testng.internal.MethodInvocationHelper.invokeMethodConsideringTimeout(MethodInvocationHelper.java:59)
at org.testng.internal.Invoker.invokeConfigurationMethod(Invoker.java:458)
at org.testng.internal.Invoker.invokeConfigurations(Invoker.java:222)
at org.testng.internal.Invoker.invokeMethod(Invoker.java:523)
at org.testng.internal.Invoker.invokeTestMethod(Invoker.java:719)
at org.testng.internal.Invoker.invokeTestMethods(Invoker.java:989)
at org.testng.internal.TestMethodWorker.invokeTestMethods(TestMethodWorker.java:125)
at org.testng.internal.TestMethodWorker.run(TestMethodWorker.java:109)
at org.testng.TestRunner.privateRun(TestRunner.java:648)
at org.testng.TestRunner.run(TestRunner.java:505)
at org.testng.SuiteRunner.runTest(SuiteRunner.java:455)
at org.testng.SuiteRunner.runSequentially(SuiteRunner.java:450)
at org.testng.SuiteRunner.privateRun(SuiteRunner.java:415)
at org.testng.SuiteRunner.run(SuiteRunner.java:364)
at org.testng.SuiteRunnerWorker.runSuite(SuiteRunnerWorker.java:52)
at org.testng.SuiteRunnerWorker.run(SuiteRunnerWorker.java:84)
at org.testng.TestNG.runSuitesSequentially(TestNG.java:1208)
at org.testng.TestNG.runSuitesLocally(TestNG.java:1137)
at org.testng.TestNG.runSuites(TestNG.java:1049)
at org.testng.TestNG.run(TestNG.java:1017)
at org.testng.remote.AbstractRemoteTestNG.run(AbstractRemoteTestNG.java:114)
at org.testng.remote.RemoteTestNG.initAndRun(RemoteTestNG.java:251)
at org.testng.remote.RemoteTestNG.main(RemoteTestNG.java:77)
]]>
    </failure>
  </testcase> <!-- @BeforeMethod Initliaze -->
  <testcase name="@AfterMethod tearDown" time="0.0" classname="com.SmokeSuite.HomePageTest">
    <skipped/>
  </testcase> <!-- @AfterMethod tearDown -->
  <testcase name="@BeforeMethod Initliaze" time="0.0" classname="com.SmokeSuite.HomePageTest">
    <skipped/>
  </testcase> <!-- @BeforeMethod Initliaze -->
  <testcase name="@AfterMethod tearDown" time="0.0" classname="com.SmokeSuite.HomePageTest">
    <skipped/>
  </testcase> <!-- @AfterMethod tearDown -->
  <testcase name="@BeforeMethod Initliaze" time="0.0" classname="com.SmokeSuite.HomePageTest">
    <skipped/>
  </testcase> <!-- @BeforeMethod Initliaze -->
  <testcase name="@AfterMethod tearDown" time="0.0" classname="com.SmokeSuite.HomePageTest">
    <skipped/>
  </testcase> <!-- @AfterMethod tearDown -->
  <testcase name="@BeforeMethod Initliaze" time="0.0" classname="com.SmokeSuite.HomePageTest">
    <skipped/>
  </testcase> <!-- @BeforeMethod Initliaze -->
  <testcase name="@AfterMethod tearDown" time="0.0" classname="com.SmokeSuite.HomePageTest">
    <skipped/>
  </testcase> <!-- @AfterMethod tearDown -->
  <testcase name="performDragandDrop" time="0.0" classname="com.SmokeSuite.HomePageTest">
    <skipped/>
  </testcase> <!-- performDragandDrop -->
  <testcase name="performSortingDescending" time="0.0" classname="com.SmokeSuite.HomePageTest">
    <skipped/>
  </testcase> <!-- performSortingDescending -->
  <testcase name="someFailedTestCase" time="0.0" classname="com.SmokeSuite.HomePageTest">
    <skipped/>
  </testcase> <!-- someFailedTestCase -->
  <testcase name="resizeTheBox" time="0.0" classname="com.SmokeSuite.HomePageTest">
    <skipped/>
  </testcase> <!-- resizeTheBox -->
</testsuite> <!-- Default test -->
