<?xml version="1.0" encoding="UTF-8"?>
<testng-results skipped="0" failed="1" ignored="0" total="4" passed="3">
  <reporter-output>
  </reporter-output>
  <suite name="Suite" duration-ms="25730" started-at="2020-05-19T07:30:03Z" finished-at="2020-05-19T07:30:29Z">
    <groups>
    </groups>
    <test name="Test" duration-ms="25730" started-at="2020-05-19T07:30:03Z" finished-at="2020-05-19T07:30:29Z">
      <class name="com.SmokeSuite.HomePageTest">
        <test-method status="PASS" signature="Initliaze()[pri:0, instance:com.SmokeSuite.HomePageTest@221af3c0]" name="Initliaze" is-config="true" duration-ms="4401" started-at="2020-05-19T07:30:03Z" finished-at="2020-05-19T07:30:07Z">
          <reporter-output>
          </reporter-output>
        </test-method> <!-- Initliaze -->
        <test-method status="PASS" signature="performDragandDrop()[pri:0, instance:com.SmokeSuite.HomePageTest@221af3c0]" name="performDragandDrop" duration-ms="1778" started-at="2020-05-19T07:30:07Z" finished-at="2020-05-19T07:30:09Z">
          <reporter-output>
          </reporter-output>
        </test-method> <!-- performDragandDrop -->
        <test-method status="PASS" signature="tearDown()[pri:0, instance:com.SmokeSuite.HomePageTest@221af3c0]" name="tearDown" is-config="true" duration-ms="96" started-at="2020-05-19T07:30:10Z" finished-at="2020-05-19T07:30:10Z">
          <reporter-output>
          </reporter-output>
        </test-method> <!-- tearDown -->
        <test-method status="PASS" signature="Initliaze()[pri:0, instance:com.SmokeSuite.HomePageTest@221af3c0]" name="Initliaze" is-config="true" duration-ms="3896" started-at="2020-05-19T07:30:10Z" finished-at="2020-05-19T07:30:14Z">
          <reporter-output>
          </reporter-output>
        </test-method> <!-- Initliaze -->
        <test-method status="PASS" signature="performSortingDescending()[pri:0, instance:com.SmokeSuite.HomePageTest@221af3c0]" name="performSortingDescending" duration-ms="1857" started-at="2020-05-19T07:30:14Z" finished-at="2020-05-19T07:30:16Z">
          <reporter-output>
          </reporter-output>
        </test-method> <!-- performSortingDescending -->
        <test-method status="PASS" signature="tearDown()[pri:0, instance:com.SmokeSuite.HomePageTest@221af3c0]" name="tearDown" is-config="true" duration-ms="91" started-at="2020-05-19T07:30:16Z" finished-at="2020-05-19T07:30:16Z">
          <reporter-output>
          </reporter-output>
        </test-method> <!-- tearDown -->
        <test-method status="PASS" signature="Initliaze()[pri:0, instance:com.SmokeSuite.HomePageTest@221af3c0]" name="Initliaze" is-config="true" duration-ms="3915" started-at="2020-05-19T07:30:16Z" finished-at="2020-05-19T07:30:20Z">
          <reporter-output>
          </reporter-output>
        </test-method> <!-- Initliaze -->
        <test-method status="FAIL" signature="someFailedTestCase()[pri:0, instance:com.SmokeSuite.HomePageTest@221af3c0]" name="someFailedTestCase" duration-ms="1607" started-at="2020-05-19T07:30:20Z" finished-at="2020-05-19T07:30:22Z">
          <exception class="java.lang.AssertionError">
            <message>
              <![CDATA[expected [false] but found [true]]]>
            </message>
            <full-stacktrace>
              <![CDATA[java.lang.AssertionError: expected [false] but found [true]
at org.testng.Assert.fail(Assert.java:96)
at org.testng.Assert.failNotEquals(Assert.java:776)
at org.testng.Assert.assertEqualsImpl(Assert.java:137)
at org.testng.Assert.assertEquals(Assert.java:118)
at org.testng.Assert.assertEquals(Assert.java:453)
at org.testng.Assert.assertEquals(Assert.java:463)
at com.SmokeSuite.HomePageTest.someFailedTestCase(HomePageTest.java:84)
at sun.reflect.NativeMethodAccessorImpl.invoke0(Native Method)
at sun.reflect.NativeMethodAccessorImpl.invoke(NativeMethodAccessorImpl.java:62)
at sun.reflect.DelegatingMethodAccessorImpl.invoke(DelegatingMethodAccessorImpl.java:43)
at java.lang.reflect.Method.invoke(Method.java:498)
at org.testng.internal.MethodInvocationHelper.invokeMethod(MethodInvocationHelper.java:124)
at org.testng.internal.Invoker.invokeMethod(Invoker.java:583)
at org.testng.internal.Invoker.invokeTestMethod(Invoker.java:719)
at org.testng.internal.Invoker.invokeTestMethods(Invoker.java:989)
at org.testng.internal.TestMethodWorker.invokeTestMethods(TestMethodWorker.java:125)
at org.testng.internal.TestMethodWorker.run(TestMethodWorker.java:109)
at org.testng.TestRunner.privateRun(TestRunner.java:648)
at org.testng.TestRunner.run(TestRunner.java:505)
at org.testng.SuiteRunner.runTest(SuiteRunner.java:455)
at org.testng.SuiteRunner.runSequentially(SuiteRunner.java:450)
at org.testng.SuiteRunner.privateRun(SuiteRunner.java:415)
at org.testng.SuiteRunner.run(SuiteRunner.java:364)
at org.testng.SuiteRunnerWorker.runSuite(SuiteRunnerWorker.java:52)
at org.testng.SuiteRunnerWorker.run(SuiteRunnerWorker.java:84)
at org.testng.TestNG.runSuitesSequentially(TestNG.java:1208)
at org.testng.TestNG.runSuitesLocally(TestNG.java:1137)
at org.testng.TestNG.runSuites(TestNG.java:1049)
at org.testng.TestNG.run(TestNG.java:1017)
at org.testng.remote.AbstractRemoteTestNG.run(AbstractRemoteTestNG.java:114)
at org.testng.remote.RemoteTestNG.initAndRun(RemoteTestNG.java:251)
at org.testng.remote.RemoteTestNG.main(RemoteTestNG.java:77)
]]>
            </full-stacktrace>
          </exception> <!-- java.lang.AssertionError -->
          <reporter-output>
          </reporter-output>
        </test-method> <!-- someFailedTestCase -->
        <test-method status="PASS" signature="tearDown()[pri:0, instance:com.SmokeSuite.HomePageTest@221af3c0]" name="tearDown" is-config="true" duration-ms="90" started-at="2020-05-19T07:30:22Z" finished-at="2020-05-19T07:30:22Z">
          <reporter-output>
          </reporter-output>
        </test-method> <!-- tearDown -->
        <test-method status="PASS" signature="Initliaze()[pri:0, instance:com.SmokeSuite.HomePageTest@221af3c0]" name="Initliaze" is-config="true" duration-ms="3774" started-at="2020-05-19T07:30:22Z" finished-at="2020-05-19T07:30:26Z">
          <reporter-output>
          </reporter-output>
        </test-method> <!-- Initliaze -->
        <test-method status="PASS" signature="resizeTheBox()[pri:1, instance:com.SmokeSuite.HomePageTest@221af3c0]" name="resizeTheBox" duration-ms="2509" started-at="2020-05-19T07:30:26Z" finished-at="2020-05-19T07:30:28Z">
          <reporter-output>
          </reporter-output>
        </test-method> <!-- resizeTheBox -->
        <test-method status="PASS" signature="tearDown()[pri:0, instance:com.SmokeSuite.HomePageTest@221af3c0]" name="tearDown" is-config="true" duration-ms="90" started-at="2020-05-19T07:30:29Z" finished-at="2020-05-19T07:30:29Z">
          <reporter-output>
          </reporter-output>
        </test-method> <!-- tearDown -->
      </class> <!-- com.SmokeSuite.HomePageTest -->
    </test> <!-- Test -->
  </suite> <!-- Suite -->
</testng-results>
