<?xml version="1.0" encoding="UTF-8"?>
<!-- Generated by org.testng.reporters.JUnitXMLReporter -->
<testsuite hostname="Abhijeets-MBP" ignored="0" name="Test" tests="3" failures="0" timestamp="30 May 2020 08:17:32 GMT" time="43.872" errors="0">
  <testcase name="practiceFormTest" time="15.738" classname="com.SmokeSuite.HomePageTest"/>
  <testcase name="changeProgressBar" time="1.438" classname="com.SmokeSuite.WidgetPageTest"/>
  <testcase name="changeSlider" time="4.11" classname="com.SmokeSuite.WidgetPageTest"/>
</testsuite> <!-- Test -->
